id:110|deviceId:2312aff4939750ea|time:1496610220268|packageName:fr.tvbarthel.apps.shapi|studentId:2312aff4939750ea_4
id:111|deviceId:2312aff4939750ea|time:1496610277592|packageName:fr.tvbarthel.apps.shapi|studentId:2312aff4939750ea_4
id:112|deviceId:2312aff4939750ea|time:1496610329366|packageName:fr.tvbarthel.apps.shapi|studentId:2312aff4939750ea_4
id:113|deviceId:2312aff4939750ea|time:1496610331406|packageName:ai.elimu.storybooks|studentId:2312aff4939750ea_4
id:114|deviceId:2312aff4939750ea|time:1496610334086|packageName:fr.tvbarthel.apps.shapi|studentId:2312aff4939750ea_4
id:115|deviceId:2312aff4939750ea|time:1496674841656|packageName:ai.elimu.voltair|studentId:2312aff4939750ea_4
id:116|deviceId:2312aff4939750ea|time:1496675040847|packageName:ai.elimu.voltair|studentId:2312aff4939750ea_4
id:117|deviceId:2312aff4939750ea|time:1496675434313|packageName:com.eschao.android.widget.sample|studentId:2312aff4939750ea_4
id:118|deviceId:2312aff4939750ea|time:1496675585760|packageName:ai.elimu.voltair|studentId:2312aff4939750ea_4
id:119|deviceId:2312aff4939750ea|time:1496675589107|packageName:ai.elimu.voltair|studentId:2312aff4939750ea_4
id:120|deviceId:2312aff4939750ea|time:1496682074808|packageName:ai.elimu.voltair|studentId:2312aff4939750ea_4
id:121|deviceId:2312aff4939750ea|time:1496682163980|packageName:ai.elimu.voltair|studentId:2312aff4939750ea_4
id:122|deviceId:2312aff4939750ea|time:1496684086712|packageName:ai.elimu.imagepicker|studentId:2312aff4939750ea_4
id:123|deviceId:2312aff4939750ea|time:1496684101052|packageName:ai.elimu.imagepicker|studentId:2312aff4939750ea_4
id:124|deviceId:2312aff4939750ea|time:1496684300268|packageName:ai.elimu.imagepicker|studentId:2312aff4939750ea_4
id:125|deviceId:2312aff4939750ea|time:1496684316382|packageName:ai.elimu.imagepicker|studentId:2312aff4939750ea_4
id:126|deviceId:2312aff4939750ea|time:1496684320267|packageName:ai.elimu|studentId:2312aff4939750ea_4
id:127|deviceId:2312aff4939750ea|time:1496685081130|packageName:ai.elimu.soundcards|studentId:2312aff4939750ea_4
id:128|deviceId:2312aff4939750ea|time:1496685577639|packageName:ai.elimu.soundcards|studentId:2312aff4939750ea_4
id:129|deviceId:2312aff4939750ea|time:1496685593904|packageName:ai.elimu.soundcards|studentId:2312aff4939750ea_4
id:130|deviceId:2312aff4939750ea|time:1496685685013|packageName:ai.elimu.soundcards|studentId:2312aff4939750ea_4
id:131|deviceId:2312aff4939750ea|time:1496686044700|packageName:com.android.gallery3d|studentId:2312aff4939750ea_4
id:132|deviceId:2312aff4939750ea|time:1496686447356|packageName:ai.elimu.handwriting|studentId:2312aff4939750ea_4
id:133|deviceId:2312aff4939750ea|time:1496691905644|packageName:fr.tvbarthel.apps.shapi|studentId:2312aff4939750ea_4
