id:45|deviceId:2312aff4939750ea|time:1496490067395|packageName:com.android.gallery3d|studentId:2312aff4939750ea_4
id:46|deviceId:2312aff4939750ea|time:1496490772883|packageName:com.google.fpl.liquidfunpaint|studentId:2312aff4939750ea_4
id:47|deviceId:2312aff4939750ea|time:1496490849595|packageName:com.android.camera2|studentId:2312aff4939750ea_4
id:48|deviceId:2312aff4939750ea|time:1496508841101|packageName:org.dsandler.apps.markers|studentId:2312aff4939750ea_4
id:49|deviceId:2312aff4939750ea|time:1496510167192|packageName:com.android.gallery3d|studentId:2312aff4939750ea_4
id:50|deviceId:2312aff4939750ea|time:1496511819885|packageName:ai.elimu|studentId:2312aff4939750ea_4
id:51|deviceId:2312aff4939750ea|time:1496513994607|packageName:ai.elimu.voltair|studentId:2312aff4939750ea_4
id:52|deviceId:2312aff4939750ea|time:1496514365640|packageName:ai.elimu.handwriting|studentId:2312aff4939750ea_4
id:53|deviceId:2312aff4939750ea|time:1496514369367|packageName:ai.elimu.soundcards|studentId:2312aff4939750ea_4
id:54|deviceId:2312aff4939750ea|time:1496514376312|packageName:ai.elimu.imagepicker|studentId:2312aff4939750ea_4
id:55|deviceId:2312aff4939750ea|time:1496514530668|packageName:ai.elimu.calculator|studentId:2312aff4939750ea_4
id:56|deviceId:2312aff4939750ea|time:1496514532655|packageName:ai.elimu|studentId:2312aff4939750ea_4
id:57|deviceId:2312aff4939750ea|time:1496514540721|packageName:com.android.gallery3d|studentId:2312aff4939750ea_4
id:58|deviceId:2312aff4939750ea|time:1496514545945|packageName:ai.elimu.imagepicker|studentId:2312aff4939750ea_4
id:59|deviceId:2312aff4939750ea|time:1496514548718|packageName:org.dsandler.apps.markers|studentId:2312aff4939750ea_4
id:60|deviceId:2312aff4939750ea|time:1496514553173|packageName:ai.elimu.soundcards|studentId:2312aff4939750ea_4
id:61|deviceId:2312aff4939750ea|time:1496514555366|packageName:ai.elimu.walezi|studentId:2312aff4939750ea_4
id:62|deviceId:2312aff4939750ea|time:1496514579583|packageName:ai.elimu.chat|studentId:2312aff4939750ea_4
id:63|deviceId:2312aff4939750ea|time:1496514589516|packageName:ai.elimu.calculator|studentId:2312aff4939750ea_4
id:64|deviceId:2312aff4939750ea|time:1496514593386|packageName:co.ubongo.herufi.na.akili|studentId:2312aff4939750ea_4
id:65|deviceId:2312aff4939750ea|time:1496514612805|packageName:ai.elimu.startguide|studentId:2312aff4939750ea_4
id:66|deviceId:2312aff4939750ea|time:1496514931948|packageName:ai.elimu.chat|studentId:2312aff4939750ea_4
id:67|deviceId:2312aff4939750ea|time:1496514942484|packageName:ru.o2genum.coregame|studentId:2312aff4939750ea_4
id:68|deviceId:2312aff4939750ea|time:1496514951995|packageName:co.ubongo.herufi.na.akili|studentId:2312aff4939750ea_4
id:69|deviceId:2312aff4939750ea|time:1496514960184|packageName:com.ubongokids.ratmathKis|studentId:2312aff4939750ea_4
id:70|deviceId:2312aff4939750ea|time:1496514973810|packageName:cc.openframeworks.inkSpace|studentId:2312aff4939750ea_4
id:71|deviceId:2312aff4939750ea|time:1496514999370|packageName:com.android.camera2|studentId:2312aff4939750ea_4
id:72|deviceId:2312aff4939750ea|time:1496515005167|packageName:fr.tvbarthel.apps.cameracolorpicker.foss.kids|studentId:2312aff4939750ea_4
id:73|deviceId:2312aff4939750ea|time:1496515020783|packageName:ai.elimu.calculator|studentId:2312aff4939750ea_4
id:74|deviceId:2312aff4939750ea|time:1496515027679|packageName:com.android.soundrecorder|studentId:2312aff4939750ea_4
id:75|deviceId:2312aff4939750ea|time:1496515031598|packageName:com.google.fpl.liquidfunpaint|studentId:2312aff4939750ea_4
id:76|deviceId:2312aff4939750ea|time:1496515038868|packageName:ai.elimu|studentId:2312aff4939750ea_4
id:77|deviceId:2312aff4939750ea|time:1496515133337|packageName:ai.elimu|studentId:2312aff4939750ea_4
id:78|deviceId:2312aff4939750ea|time:1496515137505|packageName:org.dsandler.apps.markers|studentId:2312aff4939750ea_4
id:79|deviceId:2312aff4939750ea|time:1496515151104|packageName:com.android.gallery3d|studentId:2312aff4939750ea_4
id:80|deviceId:2312aff4939750ea|time:1496515158336|packageName:com.cyanogenmod.eleven|studentId:2312aff4939750ea_4
id:81|deviceId:2312aff4939750ea|time:1496515168600|packageName:ai.elimu.nya|studentId:2312aff4939750ea_4
id:82|deviceId:2312aff4939750ea|time:1496515174480|packageName:com.eschao.android.widget.sample|studentId:2312aff4939750ea_4
id:83|deviceId:2312aff4939750ea|time:1496515262364|packageName:org.esteban.piano|studentId:2312aff4939750ea_4
id:84|deviceId:2312aff4939750ea|time:1496515267435|packageName:com.android.deskclock|studentId:2312aff4939750ea_4
id:85|deviceId:2312aff4939750ea|time:1496515274839|packageName:fr.tvbarthel.apps.shapi|studentId:2312aff4939750ea_4
id:86|deviceId:2312aff4939750ea|time:1496515278134|packageName:ai.elimu.startguide|studentId:2312aff4939750ea_4
id:87|deviceId:2312aff4939750ea|time:1496515293199|packageName:ai.elimu.tilt|studentId:2312aff4939750ea_4
id:88|deviceId:2312aff4939750ea|time:1496515325090|packageName:ai.elimu.voltair|studentId:2312aff4939750ea_4
id:89|deviceId:2312aff4939750ea|time:1496515335829|packageName:ai.elimu.walezi|studentId:2312aff4939750ea_4
id:90|deviceId:2312aff4939750ea|time:1496518578961|packageName:fr.tvbarthel.apps.shapi|studentId:2312aff4939750ea_4
id:91|deviceId:2312aff4939750ea|time:1496518581397|packageName:ai.elimu.storybooks|studentId:2312aff4939750ea_4
