id:1|deviceId:2312aff4939750ea|time:1495731016984|packageName:com.android.camera2|studentId:2312aff4939750ea_4
id:2|deviceId:2312aff4939750ea|time:1495731063790|packageName:org.literacyapp.chat|studentId:2312aff4939750ea_4
id:3|deviceId:2312aff4939750ea|time:1495731330214|packageName:co.ubongo.herufi.na.akili|studentId:2312aff4939750ea_4
id:4|deviceId:2312aff4939750ea|time:1495731421549|packageName:org.literacyapp.soundcards|studentId:2312aff4939750ea_4
id:5|deviceId:2312aff4939750ea|time:1495731436142|packageName:org.literacyapp.soundcards|studentId:2312aff4939750ea_4
id:6|deviceId:2312aff4939750ea|time:1495731696967|packageName:com.pixelatedcrown.kintsukuroi|studentId:2312aff4939750ea_4
id:7|deviceId:2312aff4939750ea|time:1495731862371|packageName:org.literacyapp.voltair|studentId:2312aff4939750ea_4
id:8|deviceId:2312aff4939750ea|time:1495731994802|packageName:org.literacyapp.calculator|studentId:2312aff4939750ea_4
id:9|deviceId:2312aff4939750ea|time:1495732038076|packageName:org.literacyapp|studentId:2312aff4939750ea_4
id:10|deviceId:2312aff4939750ea|time:1495732042391|packageName:org.literacyapp.calculator|studentId:2312aff4939750ea_4
id:11|deviceId:2312aff4939750ea|time:1495732047311|packageName:org.literacyapp.calculator|studentId:2312aff4939750ea_4
id:12|deviceId:2312aff4939750ea|time:1495733037524|packageName:com.hecorat.screenrecorder.free|studentId:2312aff4939750ea_4
id:13|deviceId:2312aff4939750ea|time:1495733052241|packageName:org.literacyapp.voltair|studentId:2312aff4939750ea_4
id:14|deviceId:2312aff4939750ea|time:1495733216914|packageName:com.iwobanas.screenrecorder.pro|studentId:2312aff4939750ea_4
id:15|deviceId:2312aff4939750ea|time:1495733270624|packageName:org.literacyapp.voltair|studentId:2312aff4939750ea_4
id:16|deviceId:2312aff4939750ea|time:1495738137609|packageName:com.cyanogenmod.eleven|studentId:2312aff4939750ea_4
id:17|deviceId:2312aff4939750ea|time:1495738444767|packageName:org.literacyapp.calculator|studentId:2312aff4939750ea_4
id:18|deviceId:2312aff4939750ea|time:1495741500310|packageName:org.literacyapp.nya|studentId:2312aff4939750ea_4
id:19|deviceId:2312aff4939750ea|time:1495741517889|packageName:org.literacyapp.nya|studentId:2312aff4939750ea_4
id:20|deviceId:2312aff4939750ea|time:1495741636910|packageName:org.literacyapp.voltair|studentId:2312aff4939750ea_4
