id:134|deviceId:2312aff4939750ea|time:1496697483017|packageName:com.eschao.android.widget.sample|studentId:2312aff4939750ea_4
id:135|deviceId:2312aff4939750ea|time:1496698432137|packageName:com.eschao.android.widget.sample|studentId:2312aff4939750ea_4
id:136|deviceId:2312aff4939750ea|time:1496699185795|packageName:ai.elimu.storybooks|studentId:2312aff4939750ea_4
id:137|deviceId:2312aff4939750ea|time:1496702440498|packageName:ai.elimu.storybooks|studentId:2312aff4939750ea_4
id:138|deviceId:2312aff4939750ea|time:1496702480207|packageName:ai.elimu.storybooks|studentId:2312aff4939750ea_4
id:139|deviceId:2312aff4939750ea|time:1496743327814|packageName:fr.tvbarthel.apps.shapi|studentId:2312aff4939750ea_4
id:140|deviceId:2312aff4939750ea|time:1496743447571|packageName:fr.tvbarthel.apps.shapi|studentId:2312aff4939750ea_4
id:141|deviceId:2312aff4939750ea|time:1496743462489|packageName:fr.tvbarthel.apps.shapi|studentId:2312aff4939750ea_4
id:142|deviceId:2312aff4939750ea|time:1496743481288|packageName:fr.tvbarthel.apps.shapi|studentId:2312aff4939750ea_4
id:143|deviceId:2312aff4939750ea|time:1496743487092|packageName:com.iwobanas.screenrecorder.pro|studentId:2312aff4939750ea_4
id:144|deviceId:2312aff4939750ea|time:1496749021662|packageName:ai.elimu.voltair|studentId:2312aff4939750ea_4
id:145|deviceId:2312aff4939750ea|time:1496749566289|packageName:com.iwobanas.screenrecorder.pro|studentId:2312aff4939750ea_4
id:146|deviceId:2312aff4939750ea|time:1496751457333|packageName:fr.tvbarthel.apps.shapi|studentId:2312aff4939750ea_4
id:147|deviceId:2312aff4939750ea|time:1496752826864|packageName:fr.tvbarthel.apps.shapi|studentId:2312aff4939750ea_4
id:148|deviceId:2312aff4939750ea|time:1496752880294|packageName:fr.tvbarthel.apps.shapi|studentId:2312aff4939750ea_4
id:149|deviceId:2312aff4939750ea|time:1496752891490|packageName:fr.tvbarthel.apps.shapi|studentId:2312aff4939750ea_4
id:150|deviceId:2312aff4939750ea|time:1496753511183|packageName:fr.tvbarthel.apps.shapi|studentId:2312aff4939750ea_4
id:151|deviceId:2312aff4939750ea|time:1496779104301|packageName:ai.elimu.nyaqd|studentId:2312aff4939750ea_4
id:152|deviceId:2312aff4939750ea|time:1496779152777|packageName:ai.elimu.nyaqd|studentId:2312aff4939750ea_4
id:153|deviceId:2312aff4939750ea|time:1496782604284|packageName:ai.elimu.handwriting|studentId:2312aff4939750ea_4
id:154|deviceId:2312aff4939750ea|time:1496782782389|packageName:ai.elimu.handwriting|studentId:2312aff4939750ea_4
